<?xml version="1.0" encoding="UTF-8"?>
<!-- Generated by org.testng.reporters.JUnitXMLReporter -->
<testsuite ignored="0" hostname="LAPTOP-723DR8EJ" failures="0" tests="3" name="Default test" time="0.04" errors="0" timestamp="2022-07-23T22:08:09 IST">
  <testcase classname="com.sgtesting.products.Products" name="createProduct" time="0.005"/>
  <testcase classname="com.sgtesting.products.Products" name="deleteProduct" time="0.001"/>
  <testcase classname="com.sgtesting.products.Products" name="modifyProduct" time="0.001"/>
</testsuite> <!-- Default test -->
